2013-11-23 15:16:18,775 - sauce_connect:575 - INFO - / Starting \
2013-11-23 15:16:18,778 - sauce_connect:576 - INFO - Please wait for "You may start your tests" to start your tests.
2013-11-23 15:16:18,782 - sauce_connect:588 - DEBUG - System is 0.0 hours off UTC
2013-11-23 15:16:18,783 - sauce_connect:590 - DEBUG - options: {'user': 'joiblumen', 'ports': ['53021'], 'no_ssl_bump_domains': '', 'domains': ['sauce-connect.proxy'], 'debug_ssh': False, 'tunnel_ports': ['80'], 'allow_unclean_exit': False, 'rest_url': 'https://saucelabs.com/rest/v1', 'logfile': 'sauce_connect.log', 'squid_opts': '', 'logfilesize': '31457280', 'boost_mode': True, 'tunnel_identifier': '', 'fast_fail_regexps': '', 'vm_version': '', 'quiet': False, 'latency_log': 150, 'use_ssh_config': False, 'ssh': False, 'se_port': '4445', 'readyfile': None, 'shared_tunnel': False, 'ssh_port': 443, 'direct_domains': '', 'host': '127.0.0.1'}
2013-11-23 15:16:18,785 - sauce_connect:591 - DEBUG - metadata: {'PythonVersion': '2.5.1', 'OwnerHost': '127.0.0.1', 'Release': '3.0-r30', 'OwnerPorts': ['53021'], 'Ports': ['80'], 'Platform': 'Java-1.7.0_45-Java_HotSpot-TM-_64-Bit_Server_VM,_24.45-b08,_Oracle_Corporation-on-Mac_OS_X-10.9-x86_64', 'Build': '46', 'ScriptRelease': 46, 'ScriptName': 'sauce_connect'}
2013-11-23 15:16:18,786 - sauce_connect:593 - INFO - Forwarding: ['sauce-connect.proxy']:['80'] -> 127.0.0.1:['53021']
2013-11-23 15:16:18,793 - sauce_connect:385 - INFO - Succesfully connected to local server 127.0.0.1:53021 in 3ms
2013-11-23 15:16:19,530 - sauce_connect:202 - WARNING - NOTICE: Already running tunnels exist that would collide with this instance of Connect. Shutting them down before starting.
Read http://saucelabs.com/docs/connect#tunnel-identifier for more details.
2013-11-23 15:16:19,532 - sauce_connect:213 - INFO - Shutting down tunnel VM: 0fe3304a83c846fa9d04b7489602a9d4 running without any identifiers
2013-11-23 15:16:22,490 - sauce_connect:248 - INFO - {"no_ssl_bump_domains":null,"squid_config":null,"use_caching_proxy":true,"metadata":{"PythonVersion":"2.5.1","OwnerHost":"127.0.0.1","Release":"3.0-r30","OwnerPorts":["53021"],"Ports":["80"],"Platform":"Java-1.7.0_45-Java_HotSpot-TM-_64-Bit_Server_VM,_24.45-b08,_Oracle_Corporation-on-Mac_OS_X-10.9-x86_64","Build":"46","ScriptRelease":46,"ScriptName":"sauce_connect"},"use_kgp":true,"tunnel_identifier":"","shared_tunnel":false,"fast_fail_regexps":null,"ssh_port":443,"direct_domains":null,"vm_version":"","domain_names":["sauce-connect.proxy"]}
2013-11-23 15:16:26,513 - sauce_connect:260 - INFO - Tunnel remote VM is provisioned (f615bc621d9a4accb8ac33da29a376eb)
2013-11-23 15:16:27,434 - sauce_connect:278 - INFO - Tunnel remote VM is booting ..
2013-11-23 15:17:01,888 - sauce_connect:282 - INFO - Tunnel remote VM is running at maki77044.miso.saucelabs.com
2013-11-23 15:17:01,904 - sauce_connect:385 - INFO - Succesfully connected to local server 127.0.0.1:53021 in 0ms
2013-11-23 15:17:01,907 - sauce_connect:665 - INFO - Starting connection to tunnel host...
2013-11-23 15:17:01,908 - sauce_connect:665 - INFO - Connecting to tunnel host maki77044.miso.saucelabs.com as joiblumen
2013-11-23 15:17:02,028 - sauce_connect:665 - INFO - Forwarding Selenium with ephemeral port 53042
2013-11-23 15:17:02,032 - sauce_connect:665 - INFO - Selenium HTTP proxy listening on port 4445
2013-11-23 15:17:03,174 - sauce_connect:0 - INFO - Successful handshake with Sauce Connect server
2013-11-23 15:17:03,385 - sauce_connect:0 - INFO - Tunnel host version: 0.1.0, remote endpoint ID: 8742eb5f36a74bb19044d5dd87a866f1
2013-11-23 15:17:03,388 - sauce_connect:665 - INFO - Connected! You may start your tests.
2013-11-23 15:28:35,265 - sauce_connect:575 - INFO - / Starting \
2013-11-23 15:28:35,269 - sauce_connect:576 - INFO - Please wait for "You may start your tests" to start your tests.
2013-11-23 15:28:35,273 - sauce_connect:588 - DEBUG - System is 0.0 hours off UTC
2013-11-23 15:28:35,275 - sauce_connect:590 - DEBUG - options: {'user': 'joiblumen', 'ports': ['53207'], 'no_ssl_bump_domains': '', 'domains': ['sauce-connect.proxy'], 'debug_ssh': False, 'tunnel_ports': ['80'], 'allow_unclean_exit': False, 'rest_url': 'https://saucelabs.com/rest/v1', 'logfile': 'sauce_connect.log', 'squid_opts': '', 'logfilesize': '31457280', 'boost_mode': True, 'tunnel_identifier': '', 'fast_fail_regexps': '', 'vm_version': '', 'quiet': False, 'latency_log': 150, 'use_ssh_config': False, 'ssh': False, 'se_port': '4445', 'readyfile': None, 'shared_tunnel': False, 'ssh_port': 443, 'direct_domains': '', 'host': '127.0.0.1'}
2013-11-23 15:28:35,276 - sauce_connect:591 - DEBUG - metadata: {'PythonVersion': '2.5.1', 'OwnerHost': '127.0.0.1', 'Release': '3.0-r30', 'OwnerPorts': ['53207'], 'Ports': ['80'], 'Platform': 'Java-1.7.0_45-Java_HotSpot-TM-_64-Bit_Server_VM,_24.45-b08,_Oracle_Corporation-on-Mac_OS_X-10.9-x86_64', 'Build': '46', 'ScriptRelease': 46, 'ScriptName': 'sauce_connect'}
2013-11-23 15:28:35,276 - sauce_connect:593 - INFO - Forwarding: ['sauce-connect.proxy']:['80'] -> 127.0.0.1:['53207']
2013-11-23 15:28:35,283 - sauce_connect:385 - INFO - Succesfully connected to local server 127.0.0.1:53207 in 3ms
2013-11-23 15:28:36,559 - sauce_connect:202 - WARNING - NOTICE: Already running tunnels exist that would collide with this instance of Connect. Shutting them down before starting.
Read http://saucelabs.com/docs/connect#tunnel-identifier for more details.
2013-11-23 15:28:36,561 - sauce_connect:213 - INFO - Shutting down tunnel VM: f615bc621d9a4accb8ac33da29a376eb running without any identifiers
2013-11-23 15:28:39,664 - sauce_connect:248 - INFO - {"no_ssl_bump_domains":null,"squid_config":null,"use_caching_proxy":true,"metadata":{"PythonVersion":"2.5.1","OwnerHost":"127.0.0.1","Release":"3.0-r30","OwnerPorts":["53207"],"Ports":["80"],"Platform":"Java-1.7.0_45-Java_HotSpot-TM-_64-Bit_Server_VM,_24.45-b08,_Oracle_Corporation-on-Mac_OS_X-10.9-x86_64","Build":"46","ScriptRelease":46,"ScriptName":"sauce_connect"},"use_kgp":true,"tunnel_identifier":"","shared_tunnel":false,"fast_fail_regexps":null,"ssh_port":443,"direct_domains":null,"vm_version":"","domain_names":["sauce-connect.proxy"]}
2013-11-23 15:28:40,773 - sauce_connect:0 - INFO - Sauce Connect connection stalled! 635/638 acks, 3116ms since last recv, 2488ms timeout exceeded, min ack: 216
2013-11-23 15:28:40,778 - sauce_connect:0 - INFO - disconnected from Sauce Connect server
2013-11-23 15:28:40,779 - sauce_connect:0 - INFO - connection to Sauce Connect server closed
2013-11-23 15:28:44,417 - sauce_connect:260 - INFO - Tunnel remote VM is provisioned (0cf71cfa4323443e8c032a806be5b83f)
2013-11-23 15:28:45,148 - sauce_connect:278 - INFO - Tunnel remote VM is booting ..
2013-11-23 15:28:52,210 - sauce_connect:0 - INFO - connection to Sauce Connect server closed
2013-11-23 15:28:52,213 - sauce_connect:0 - INFO - Connection failed
2013-11-23 15:28:52,865 - sauce_connect:665 - INFO - status check found tunnel in terminated
2013-11-23 15:28:52,867 - sauce_connect:665 - INFO - Remote tunnel VM no longer running, shutting down
2013-11-23 15:28:52,868 - sauce_connect:0 - INFO - asked to close connection to Sauce Connect server
2013-11-23 15:28:52,977 - sauce_connect:671 - INFO - Finished running tunnel
2013-11-23 15:28:52,980 - sauce_connect:291 - INFO - Shutting down tunnel remote VM (please wait)
2013-11-23 15:28:52,980 - sauce_connect:292 - DEBUG - tunnel remote VM ID: f615bc621d9a4accb8ac33da29a376eb
2013-11-23 15:28:54,658 - sauce_connect:314 - INFO - Finished shutting down tunnel remote VM
2013-11-23 15:28:54,661 - sauce_connect:415 - INFO - \ Exiting /
2013-11-23 15:29:19,131 - sauce_connect:282 - INFO - Tunnel remote VM is running at maki76167.miso.saucelabs.com
2013-11-23 15:29:19,144 - sauce_connect:385 - INFO - Succesfully connected to local server 127.0.0.1:53207 in 1ms
2013-11-23 15:29:19,147 - sauce_connect:665 - INFO - Starting connection to tunnel host...
2013-11-23 15:29:19,148 - sauce_connect:665 - INFO - Connecting to tunnel host maki76167.miso.saucelabs.com as joiblumen
2013-11-23 15:29:19,243 - sauce_connect:665 - INFO - Forwarding Selenium with ephemeral port 53218
2013-11-23 15:29:19,246 - sauce_connect:665 - INFO - Selenium HTTP proxy listening on port 4445
2013-11-23 15:29:20,676 - sauce_connect:0 - INFO - Successful handshake with Sauce Connect server
2013-11-23 15:29:20,980 - sauce_connect:0 - INFO - Tunnel host version: 0.1.0, remote endpoint ID: 55c797fe9f184ef58975dc58fcc8d1cd
2013-11-23 15:29:20,982 - sauce_connect:665 - INFO - Connected! You may start your tests.
2013-11-23 15:32:10,414 - sauce_connect:575 - INFO - / Starting \
2013-11-23 15:32:10,417 - sauce_connect:576 - INFO - Please wait for "You may start your tests" to start your tests.
2013-11-23 15:32:10,423 - sauce_connect:588 - DEBUG - System is 0.0 hours off UTC
2013-11-23 15:32:10,424 - sauce_connect:590 - DEBUG - options: {'user': 'joiblumen', 'ports': ['53360'], 'no_ssl_bump_domains': '', 'domains': ['sauce-connect.proxy'], 'debug_ssh': False, 'tunnel_ports': ['80'], 'allow_unclean_exit': False, 'rest_url': 'https://saucelabs.com/rest/v1', 'logfile': 'sauce_connect.log', 'squid_opts': '', 'logfilesize': '31457280', 'boost_mode': True, 'tunnel_identifier': '', 'fast_fail_regexps': '', 'vm_version': '', 'quiet': False, 'latency_log': 150, 'use_ssh_config': False, 'ssh': False, 'se_port': '4445', 'readyfile': None, 'shared_tunnel': False, 'ssh_port': 443, 'direct_domains': '', 'host': '127.0.0.1'}
2013-11-23 15:32:10,424 - sauce_connect:591 - DEBUG - metadata: {'PythonVersion': '2.5.1', 'OwnerHost': '127.0.0.1', 'Release': '3.0-r30', 'OwnerPorts': ['53360'], 'Ports': ['80'], 'Platform': 'Java-1.7.0_45-Java_HotSpot-TM-_64-Bit_Server_VM,_24.45-b08,_Oracle_Corporation-on-Mac_OS_X-10.9-x86_64', 'Build': '46', 'ScriptRelease': 46, 'ScriptName': 'sauce_connect'}
2013-11-23 15:32:10,426 - sauce_connect:593 - INFO - Forwarding: ['sauce-connect.proxy']:['80'] -> 127.0.0.1:['53360']
2013-11-23 15:32:10,433 - sauce_connect:385 - INFO - Succesfully connected to local server 127.0.0.1:53360 in 4ms
2013-11-23 15:32:11,684 - sauce_connect:202 - WARNING - NOTICE: Already running tunnels exist that would collide with this instance of Connect. Shutting them down before starting.
Read http://saucelabs.com/docs/connect#tunnel-identifier for more details.
2013-11-23 15:32:11,687 - sauce_connect:213 - INFO - Shutting down tunnel VM: 0cf71cfa4323443e8c032a806be5b83f running without any identifiers
2013-11-23 15:32:15,894 - sauce_connect:248 - INFO - {"no_ssl_bump_domains":null,"squid_config":null,"use_caching_proxy":true,"metadata":{"PythonVersion":"2.5.1","OwnerHost":"127.0.0.1","Release":"3.0-r30","OwnerPorts":["53360"],"Ports":["80"],"Platform":"Java-1.7.0_45-Java_HotSpot-TM-_64-Bit_Server_VM,_24.45-b08,_Oracle_Corporation-on-Mac_OS_X-10.9-x86_64","Build":"46","ScriptRelease":46,"ScriptName":"sauce_connect"},"use_kgp":true,"tunnel_identifier":"","shared_tunnel":false,"fast_fail_regexps":null,"ssh_port":443,"direct_domains":null,"vm_version":"","domain_names":["sauce-connect.proxy"]}
2013-11-23 15:32:16,075 - sauce_connect:0 - INFO - Sauce Connect connection stalled! 158/160 acks, 2961ms since last recv, 2558ms timeout exceeded, min ack: 219
2013-11-23 15:32:16,079 - sauce_connect:0 - INFO - disconnected from Sauce Connect server
2013-11-23 15:32:16,081 - sauce_connect:0 - INFO - connection to Sauce Connect server closed
2013-11-23 15:32:20,663 - sauce_connect:260 - INFO - Tunnel remote VM is provisioned (0badfb4844e6439d93cf52cbd36612f9)
2013-11-23 15:32:21,387 - sauce_connect:278 - INFO - Tunnel remote VM is booting ..
2013-11-23 15:32:22,875 - sauce_connect:665 - INFO - status check found tunnel in terminated
2013-11-23 15:32:22,877 - sauce_connect:665 - INFO - Remote tunnel VM no longer running, shutting down
2013-11-23 15:32:22,878 - sauce_connect:0 - INFO - asked to close connection to Sauce Connect server
2013-11-23 15:32:22,986 - sauce_connect:671 - INFO - Finished running tunnel
2013-11-23 15:32:22,989 - sauce_connect:291 - INFO - Shutting down tunnel remote VM (please wait)
2013-11-23 15:32:22,990 - sauce_connect:292 - DEBUG - tunnel remote VM ID: 0cf71cfa4323443e8c032a806be5b83f
2013-11-23 15:32:24,681 - sauce_connect:314 - INFO - Finished shutting down tunnel remote VM
2013-11-23 15:32:24,683 - sauce_connect:415 - INFO - \ Exiting /
2013-11-23 15:32:52,947 - sauce_connect:282 - INFO - Tunnel remote VM is running at maki77005.miso.saucelabs.com
2013-11-23 15:32:52,960 - sauce_connect:385 - INFO - Succesfully connected to local server 127.0.0.1:53360 in 0ms
2013-11-23 15:32:52,963 - sauce_connect:665 - INFO - Starting connection to tunnel host...
2013-11-23 15:32:52,966 - sauce_connect:665 - INFO - Connecting to tunnel host maki77005.miso.saucelabs.com as joiblumen
2013-11-23 15:32:53,058 - sauce_connect:665 - INFO - Forwarding Selenium with ephemeral port 53369
2013-11-23 15:32:53,062 - sauce_connect:665 - INFO - Selenium HTTP proxy listening on port 4445
2013-11-23 15:32:54,717 - sauce_connect:0 - INFO - Successful handshake with Sauce Connect server
2013-11-23 15:32:55,101 - sauce_connect:0 - INFO - Tunnel host version: 0.1.0, remote endpoint ID: 6ef955568f4e4d0cb4b6f6f99ab13bbe
2013-11-23 15:32:55,105 - sauce_connect:665 - INFO - Connected! You may start your tests.
2013-11-23 15:33:52,082 - sauce_connect:575 - INFO - / Starting \
2013-11-23 15:33:52,085 - sauce_connect:576 - INFO - Please wait for "You may start your tests" to start your tests.
2013-11-23 15:33:52,091 - sauce_connect:588 - DEBUG - System is 0.0 hours off UTC
2013-11-23 15:33:52,092 - sauce_connect:590 - DEBUG - options: {'user': 'joiblumen', 'ports': ['53387'], 'no_ssl_bump_domains': '', 'domains': ['sauce-connect.proxy'], 'debug_ssh': False, 'tunnel_ports': ['80'], 'allow_unclean_exit': False, 'rest_url': 'https://saucelabs.com/rest/v1', 'logfile': 'sauce_connect.log', 'squid_opts': '', 'logfilesize': '31457280', 'boost_mode': True, 'tunnel_identifier': '', 'fast_fail_regexps': '', 'vm_version': '', 'quiet': False, 'latency_log': 150, 'use_ssh_config': False, 'ssh': False, 'se_port': '4445', 'readyfile': None, 'shared_tunnel': False, 'ssh_port': 443, 'direct_domains': '', 'host': '127.0.0.1'}
2013-11-23 15:33:52,092 - sauce_connect:591 - DEBUG - metadata: {'PythonVersion': '2.5.1', 'OwnerHost': '127.0.0.1', 'Release': '3.0-r30', 'OwnerPorts': ['53387'], 'Ports': ['80'], 'Platform': 'Java-1.7.0_45-Java_HotSpot-TM-_64-Bit_Server_VM,_24.45-b08,_Oracle_Corporation-on-Mac_OS_X-10.9-x86_64', 'Build': '46', 'ScriptRelease': 46, 'ScriptName': 'sauce_connect'}
2013-11-23 15:33:52,094 - sauce_connect:593 - INFO - Forwarding: ['sauce-connect.proxy']:['80'] -> 127.0.0.1:['53387']
2013-11-23 15:33:52,101 - sauce_connect:385 - INFO - Succesfully connected to local server 127.0.0.1:53387 in 3ms
2013-11-23 15:33:52,986 - sauce_connect:202 - WARNING - NOTICE: Already running tunnels exist that would collide with this instance of Connect. Shutting them down before starting.
Read http://saucelabs.com/docs/connect#tunnel-identifier for more details.
2013-11-23 15:33:52,987 - sauce_connect:213 - INFO - Shutting down tunnel VM: 0badfb4844e6439d93cf52cbd36612f9 running without any identifiers
2013-11-23 15:33:56,025 - sauce_connect:248 - INFO - {"no_ssl_bump_domains":null,"squid_config":null,"use_caching_proxy":true,"metadata":{"PythonVersion":"2.5.1","OwnerHost":"127.0.0.1","Release":"3.0-r30","OwnerPorts":["53387"],"Ports":["80"],"Platform":"Java-1.7.0_45-Java_HotSpot-TM-_64-Bit_Server_VM,_24.45-b08,_Oracle_Corporation-on-Mac_OS_X-10.9-x86_64","Build":"46","ScriptRelease":46,"ScriptName":"sauce_connect"},"use_kgp":true,"tunnel_identifier":"","shared_tunnel":false,"fast_fail_regexps":null,"ssh_port":443,"direct_domains":null,"vm_version":"","domain_names":["sauce-connect.proxy"]}
2013-11-23 15:33:57,016 - sauce_connect:0 - INFO - Sauce Connect connection stalled! 53/56 acks, 3073ms since last recv, 2461ms timeout exceeded, min ack: 226
2013-11-23 15:33:57,019 - sauce_connect:0 - INFO - disconnected from Sauce Connect server
2013-11-23 15:33:57,022 - sauce_connect:0 - INFO - connection to Sauce Connect server closed
2013-11-23 15:34:00,125 - sauce_connect:260 - INFO - Tunnel remote VM is provisioned (7fa585ceddcf4d1f83b46fed5e2394a4)
2013-11-23 15:34:00,842 - sauce_connect:278 - INFO - Tunnel remote VM is booting ..
2013-11-23 15:34:02,371 - sauce_connect:665 - INFO - status check found tunnel in terminated
2013-11-23 15:34:02,375 - sauce_connect:665 - INFO - Remote tunnel VM no longer running, shutting down
2013-11-23 15:34:02,377 - sauce_connect:0 - INFO - asked to close connection to Sauce Connect server
2013-11-23 15:34:02,486 - sauce_connect:671 - INFO - Finished running tunnel
2013-11-23 15:34:02,489 - sauce_connect:291 - INFO - Shutting down tunnel remote VM (please wait)
2013-11-23 15:34:02,490 - sauce_connect:292 - DEBUG - tunnel remote VM ID: 0badfb4844e6439d93cf52cbd36612f9
2013-11-23 15:34:04,522 - sauce_connect:314 - INFO - Finished shutting down tunnel remote VM
2013-11-23 15:34:04,523 - sauce_connect:415 - INFO - \ Exiting /
2013-11-23 15:34:27,607 - sauce_connect:282 - INFO - Tunnel remote VM is running at maki77038.miso.saucelabs.com
2013-11-23 15:34:27,622 - sauce_connect:385 - INFO - Succesfully connected to local server 127.0.0.1:53387 in 0ms
2013-11-23 15:34:27,625 - sauce_connect:665 - INFO - Starting connection to tunnel host...
2013-11-23 15:34:27,627 - sauce_connect:665 - INFO - Connecting to tunnel host maki77038.miso.saucelabs.com as joiblumen
2013-11-23 15:34:27,729 - sauce_connect:665 - INFO - Forwarding Selenium with ephemeral port 53395
2013-11-23 15:34:27,736 - sauce_connect:665 - INFO - Selenium HTTP proxy listening on port 4445
2013-11-23 15:34:29,108 - sauce_connect:0 - INFO - Successful handshake with Sauce Connect server
2013-11-23 15:34:29,325 - sauce_connect:0 - INFO - Tunnel host version: 0.1.0, remote endpoint ID: ab9df4a6451e44a49183c4684c33b81a
2013-11-23 15:34:29,326 - sauce_connect:665 - INFO - Connected! You may start your tests.
2013-11-23 15:34:36,062 - sauce_connect:575 - INFO - / Starting \
2013-11-23 15:34:36,065 - sauce_connect:576 - INFO - Please wait for "You may start your tests" to start your tests.
2013-11-23 15:34:36,069 - sauce_connect:588 - DEBUG - System is 0.0 hours off UTC
2013-11-23 15:34:36,072 - sauce_connect:590 - DEBUG - options: {'user': 'joiblumen', 'ports': ['53403'], 'no_ssl_bump_domains': '', 'domains': ['sauce-connect.proxy'], 'debug_ssh': False, 'tunnel_ports': ['80'], 'allow_unclean_exit': False, 'rest_url': 'https://saucelabs.com/rest/v1', 'logfile': 'sauce_connect.log', 'squid_opts': '', 'logfilesize': '31457280', 'boost_mode': True, 'tunnel_identifier': '', 'fast_fail_regexps': '', 'vm_version': '', 'quiet': False, 'latency_log': 150, 'use_ssh_config': False, 'ssh': False, 'se_port': '4445', 'readyfile': None, 'shared_tunnel': False, 'ssh_port': 443, 'direct_domains': '', 'host': '127.0.0.1'}
2013-11-23 15:34:36,072 - sauce_connect:591 - DEBUG - metadata: {'PythonVersion': '2.5.1', 'OwnerHost': '127.0.0.1', 'Release': '3.0-r30', 'OwnerPorts': ['53403'], 'Ports': ['80'], 'Platform': 'Java-1.7.0_45-Java_HotSpot-TM-_64-Bit_Server_VM,_24.45-b08,_Oracle_Corporation-on-Mac_OS_X-10.9-x86_64', 'Build': '46', 'ScriptRelease': 46, 'ScriptName': 'sauce_connect'}
2013-11-23 15:34:36,073 - sauce_connect:593 - INFO - Forwarding: ['sauce-connect.proxy']:['80'] -> 127.0.0.1:['53403']
2013-11-23 15:34:36,081 - sauce_connect:385 - INFO - Succesfully connected to local server 127.0.0.1:53403 in 4ms
2013-11-23 15:34:37,091 - sauce_connect:202 - WARNING - NOTICE: Already running tunnels exist that would collide with this instance of Connect. Shutting them down before starting.
Read http://saucelabs.com/docs/connect#tunnel-identifier for more details.
2013-11-23 15:34:37,092 - sauce_connect:213 - INFO - Shutting down tunnel VM: 7fa585ceddcf4d1f83b46fed5e2394a4 running without any identifiers
2013-11-23 15:34:40,006 - sauce_connect:0 - INFO - Sauce Connect connection stalled! 7/9 acks, 2680ms since last recv, 2601ms timeout exceeded, min ack: 221
2013-11-23 15:34:40,009 - sauce_connect:0 - INFO - disconnected from Sauce Connect server
2013-11-23 15:34:40,010 - sauce_connect:0 - INFO - connection to Sauce Connect server closed
2013-11-23 15:34:40,469 - sauce_connect:248 - INFO - {"no_ssl_bump_domains":null,"squid_config":null,"use_caching_proxy":true,"metadata":{"PythonVersion":"2.5.1","OwnerHost":"127.0.0.1","Release":"3.0-r30","OwnerPorts":["53403"],"Ports":["80"],"Platform":"Java-1.7.0_45-Java_HotSpot-TM-_64-Bit_Server_VM,_24.45-b08,_Oracle_Corporation-on-Mac_OS_X-10.9-x86_64","Build":"46","ScriptRelease":46,"ScriptName":"sauce_connect"},"use_kgp":true,"tunnel_identifier":"","shared_tunnel":false,"fast_fail_regexps":null,"ssh_port":443,"direct_domains":null,"vm_version":"","domain_names":["sauce-connect.proxy"]}
2013-11-23 15:34:44,664 - sauce_connect:260 - INFO - Tunnel remote VM is provisioned (dc2bb40cd4b84a289146854bb799bbf5)
2013-11-23 15:34:45,392 - sauce_connect:278 - INFO - Tunnel remote VM is booting ..
2013-11-23 15:34:46,645 - sauce_connect:665 - INFO - status check found tunnel in terminated
2013-11-23 15:34:46,647 - sauce_connect:665 - INFO - Remote tunnel VM no longer running, shutting down
2013-11-23 15:34:46,648 - sauce_connect:0 - INFO - asked to close connection to Sauce Connect server
2013-11-23 15:34:46,756 - sauce_connect:671 - INFO - Finished running tunnel
2013-11-23 15:34:46,757 - sauce_connect:291 - INFO - Shutting down tunnel remote VM (please wait)
2013-11-23 15:34:46,759 - sauce_connect:292 - DEBUG - tunnel remote VM ID: 7fa585ceddcf4d1f83b46fed5e2394a4
2013-11-23 15:34:48,269 - sauce_connect:314 - INFO - Finished shutting down tunnel remote VM
2013-11-23 15:34:48,270 - sauce_connect:415 - INFO - \ Exiting /
2013-11-23 15:34:56,894 - sauce_connect:282 - INFO - Tunnel remote VM is running at maki76075.miso.saucelabs.com
2013-11-23 15:34:56,907 - sauce_connect:385 - INFO - Succesfully connected to local server 127.0.0.1:53403 in 1ms
2013-11-23 15:34:56,911 - sauce_connect:665 - INFO - Starting connection to tunnel host...
2013-11-23 15:34:56,913 - sauce_connect:665 - INFO - Connecting to tunnel host maki76075.miso.saucelabs.com as joiblumen
2013-11-23 15:34:57,007 - sauce_connect:665 - INFO - Forwarding Selenium with ephemeral port 53408
2013-11-23 15:34:57,013 - sauce_connect:665 - INFO - Selenium HTTP proxy listening on port 4445
2013-11-23 15:34:58,224 - sauce_connect:0 - INFO - Successful handshake with Sauce Connect server
2013-11-23 15:34:58,596 - sauce_connect:0 - INFO - Tunnel host version: 0.1.0, remote endpoint ID: 64d569a3aa9e46feb16a3ec0ebbc6569
2013-11-23 15:34:58,599 - sauce_connect:665 - INFO - Connected! You may start your tests.
2013-11-23 15:35:10,898 - sauce_connect:0 - INFO - Request started: GET http://localhost:4567/
2013-11-23 15:35:10,921 - sauce_connect:0 - INFO - GET http://localhost:4567/ -> 302 (24ms, 0 bytes)
2013-11-23 15:35:11,188 - sauce_connect:0 - INFO - Request started: GET http://localhost:4567/index.html
2013-11-23 15:35:11,206 - sauce_connect:0 - INFO - GET http://localhost:4567/index.html -> 200 (18ms, 1209 bytes)
2013-11-23 15:35:11,467 - sauce_connect:0 - INFO - Request started: GET http://netdna.bootstrapcdn.com/bootstrap/3.0.2/css/bootstrap.min.css
2013-11-23 15:35:11,469 - sauce_connect:0 - INFO - Request started: GET http://localhost:4567/css/custom.css
2013-11-23 15:35:11,473 - sauce_connect:0 - INFO - GET http://localhost:4567/css/custom.css -> 200 (6ms, 632 bytes)
2013-11-23 15:35:11,634 - sauce_connect:0 - INFO - Request started: GET http://netdna.bootstrapcdn.com/font-awesome/4.0.3/css/font-awesome.css
2013-11-23 15:35:11,634 - sauce_connect:0 - INFO - Request started: GET http://code.jquery.com/jquery-1.9.1.min.js
2013-11-23 15:35:11,634 - sauce_connect:0 - INFO - Request started: GET http://localhost:4567/static/favicon.gif
2013-11-23 15:35:11,641 - sauce_connect:0 - INFO - GET http://localhost:4567/static/favicon.gif -> 404 (8ms, 296 bytes)
2013-11-23 15:35:11,770 - sauce_connect:0 - INFO - GET http://netdna.bootstrapcdn.com/bootstrap/3.0.2/css/bootstrap.min.css -> 200 (303ms, 102897 bytes)
2013-11-23 15:35:11,815 - sauce_connect:0 - INFO - GET http://netdna.bootstrapcdn.com/font-awesome/4.0.3/css/font-awesome.css -> 200 (182ms, 21658 bytes)
2013-11-23 15:35:11,944 - sauce_connect:0 - INFO - Request started: GET http://localhost:4567/static/favicon.gif
2013-11-23 15:35:11,953 - sauce_connect:0 - INFO - GET http://localhost:4567/static/favicon.gif -> 404 (8ms, 296 bytes)
2013-11-23 15:35:12,338 - sauce_connect:0 - INFO - GET http://code.jquery.com/jquery-1.9.1.min.js -> 200 (705ms, 92629 bytes)
2013-11-23 15:59:25,144 - sauce_connect:0 - INFO - Request started: GET http://localhost:4567/
2013-11-23 15:59:25,153 - sauce_connect:0 - INFO - GET http://localhost:4567/ -> 302 (7ms, 0 bytes)
2013-11-23 15:59:25,494 - sauce_connect:0 - INFO - Request started: GET http://localhost:4567/index.html
2013-11-23 15:59:25,503 - sauce_connect:0 - INFO - GET http://localhost:4567/index.html -> 200 (7ms, 1209 bytes)
2013-11-23 15:59:26,109 - sauce_connect:0 - INFO - Request started: GET http://localhost:4567/css/custom.css
2013-11-23 15:59:26,109 - sauce_connect:0 - INFO - Request started: GET http://localhost:4567/static/favicon.gif
2013-11-23 15:59:26,118 - sauce_connect:0 - INFO - GET http://localhost:4567/css/custom.css -> 200 (7ms, 632 bytes)
2013-11-23 15:59:26,119 - sauce_connect:0 - INFO - GET http://localhost:4567/static/favicon.gif -> 404 (10ms, 296 bytes)
2013-11-23 15:59:26,775 - sauce_connect:0 - INFO - Request started: GET http://localhost:4567/static/favicon.gif
2013-11-23 15:59:26,782 - sauce_connect:0 - INFO - GET http://localhost:4567/static/favicon.gif -> 404 (9ms, 296 bytes)
2013-11-23 15:59:40,548 - sauce_connect:0 - INFO - Request started: GET http://localhost:4567/game.html
2013-11-23 15:59:40,553 - sauce_connect:0 - INFO - GET http://localhost:4567/game.html -> 200 (6ms, 5887 bytes)
2013-11-23 15:59:41,075 - sauce_connect:0 - INFO - Request started: GET http://localhost:4567/css/custom.css
2013-11-23 15:59:41,075 - sauce_connect:0 - INFO - Request started: GET http://localhost:4567/static/favicon.gif
2013-11-23 15:59:41,082 - sauce_connect:0 - INFO - GET http://localhost:4567/css/custom.css -> 200 (7ms, 632 bytes)
2013-11-23 15:59:41,099 - sauce_connect:0 - INFO - GET http://localhost:4567/static/favicon.gif -> 404 (24ms, 296 bytes)
2013-11-23 15:59:41,743 - sauce_connect:0 - INFO - Request started: GET http://localhost:4567/static/favicon.gif
2013-11-23 15:59:41,743 - sauce_connect:0 - INFO - Request started: GET http://netdna.bootstrapcdn.com/font-awesome/4.0.3/fonts/fontawesome-webfont.woff?v=4.0.3
2013-11-23 15:59:41,750 - sauce_connect:0 - INFO - GET http://localhost:4567/static/favicon.gif -> 404 (8ms, 296 bytes)
2013-11-23 15:59:41,992 - sauce_connect:0 - INFO - GET http://netdna.bootstrapcdn.com/font-awesome/4.0.3/fonts/fontawesome-webfont.woff?v=4.0.3 -> 200 (248ms, 44432 bytes)
2013-11-23 15:59:44,233 - sauce_connect:0 - INFO - Request started: GET http://localhost:4567/initialize?gametype=true
2013-11-23 15:59:44,239 - sauce_connect:0 - INFO - GET http://localhost:4567/initialize?gametype=true -> 200 (5ms, 4 bytes)
2013-11-23 16:00:01,130 - sauce_connect:0 - INFO - Request started: GET http://localhost:4567/
2013-11-23 16:00:01,134 - sauce_connect:0 - INFO - GET http://localhost:4567/ -> 302 (5ms, 0 bytes)
2013-11-23 16:00:01,403 - sauce_connect:0 - INFO - Request started: GET http://localhost:4567/index.html
2013-11-23 16:00:01,407 - sauce_connect:0 - INFO - GET http://localhost:4567/index.html -> 200 (5ms, 1209 bytes)
2013-11-23 16:00:01,848 - sauce_connect:0 - INFO - Request started: GET http://localhost:4567/css/custom.css
2013-11-23 16:00:01,848 - sauce_connect:0 - INFO - Request started: GET http://localhost:4567/static/favicon.gif
2013-11-23 16:00:01,852 - sauce_connect:0 - INFO - GET http://localhost:4567/css/custom.css -> 200 (5ms, 632 bytes)
2013-11-23 16:00:01,857 - sauce_connect:0 - INFO - GET http://localhost:4567/static/favicon.gif -> 404 (8ms, 296 bytes)
2013-11-23 16:00:02,269 - sauce_connect:0 - INFO - Request started: GET http://localhost:4567/static/favicon.gif
2013-11-23 16:00:02,279 - sauce_connect:0 - INFO - GET http://localhost:4567/static/favicon.gif -> 404 (9ms, 296 bytes)
2013-11-23 16:00:03,196 - sauce_connect:0 - INFO - Request started: GET http://localhost:4567/game.html
2013-11-23 16:00:03,200 - sauce_connect:0 - INFO - GET http://localhost:4567/game.html -> 200 (5ms, 5887 bytes)
2013-11-23 16:00:03,894 - sauce_connect:0 - INFO - Request started: GET http://localhost:4567/css/custom.css
2013-11-23 16:00:03,901 - sauce_connect:0 - INFO - GET http://localhost:4567/css/custom.css -> 200 (5ms, 632 bytes)
2013-11-23 16:00:04,670 - sauce_connect:0 - INFO - Request started: GET http://localhost:4567/favicon.ico
2013-11-23 16:00:04,677 - sauce_connect:0 - INFO - GET http://localhost:4567/favicon.ico -> 404 (7ms, 289 bytes)
2013-11-23 16:05:28,911 - sauce_connect:0 - INFO - Request started: GET http://localhost:4567/
2013-11-23 16:05:28,917 - sauce_connect:0 - INFO - GET http://localhost:4567/ -> 302 (7ms, 0 bytes)
2013-11-23 16:05:29,354 - sauce_connect:0 - INFO - Request started: GET http://localhost:4567/index.html
2013-11-23 16:05:29,359 - sauce_connect:0 - INFO - GET http://localhost:4567/index.html -> 200 (6ms, 1209 bytes)
2013-11-23 16:05:29,798 - sauce_connect:0 - INFO - Request started: GET http://localhost:4567/css/custom.css
2013-11-23 16:05:29,798 - sauce_connect:0 - INFO - Request started: GET http://localhost:4567/static/favicon.gif
2013-11-23 16:05:29,802 - sauce_connect:0 - INFO - GET http://localhost:4567/css/custom.css -> 200 (6ms, 632 bytes)
2013-11-23 16:05:29,806 - sauce_connect:0 - INFO - GET http://localhost:4567/static/favicon.gif -> 404 (9ms, 296 bytes)
2013-11-23 16:05:30,181 - sauce_connect:0 - INFO - Request started: GET http://localhost:4567/static/favicon.gif
2013-11-23 16:05:30,190 - sauce_connect:0 - INFO - GET http://localhost:4567/static/favicon.gif -> 404 (9ms, 296 bytes)
2013-11-23 16:05:44,892 - sauce_connect:0 - INFO - Request started: GET http://localhost:4567/game.html
2013-11-23 16:05:44,898 - sauce_connect:0 - INFO - GET http://localhost:4567/game.html -> 200 (6ms, 5887 bytes)
2013-11-23 16:05:45,729 - sauce_connect:0 - INFO - Request started: GET http://localhost:4567/css/custom.css
2013-11-23 16:05:45,729 - sauce_connect:0 - INFO - Request started: GET http://localhost:4567/static/favicon.gif
2013-11-23 16:05:45,736 - sauce_connect:0 - INFO - GET http://localhost:4567/css/custom.css -> 200 (6ms, 632 bytes)
2013-11-23 16:05:45,740 - sauce_connect:0 - INFO - GET http://localhost:4567/static/favicon.gif -> 404 (10ms, 296 bytes)
2013-11-23 16:05:46,427 - sauce_connect:0 - INFO - Request started: GET http://localhost:4567/static/favicon.gif
2013-11-23 16:05:46,437 - sauce_connect:0 - INFO - GET http://localhost:4567/static/favicon.gif -> 404 (9ms, 296 bytes)
2013-11-23 16:05:47,150 - sauce_connect:0 - INFO - Request started: GET http://localhost:4567/initialize?gametype=false
2013-11-23 16:05:47,154 - sauce_connect:0 - INFO - GET http://localhost:4567/initialize?gametype=false -> 200 (5ms, 4 bytes)
2013-11-23 16:07:17,081 - sauce_connect:0 - INFO - Request started: GET http://localhost:4567/
2013-11-23 16:07:17,086 - sauce_connect:0 - INFO - GET http://localhost:4567/ -> 302 (6ms, 0 bytes)
2013-11-23 16:07:17,361 - sauce_connect:0 - INFO - Request started: GET http://localhost:4567/index.html
2013-11-23 16:07:17,367 - sauce_connect:0 - INFO - GET http://localhost:4567/index.html -> 200 (6ms, 1209 bytes)
2013-11-23 16:07:18,032 - sauce_connect:0 - INFO - Request started: GET http://localhost:4567/css/custom.css
2013-11-23 16:07:18,032 - sauce_connect:0 - INFO - Request started: GET http://localhost:4567/static/favicon.gif
2013-11-23 16:07:18,036 - sauce_connect:0 - INFO - GET http://localhost:4567/css/custom.css -> 200 (6ms, 632 bytes)
2013-11-23 16:07:18,040 - sauce_connect:0 - INFO - GET http://localhost:4567/static/favicon.gif -> 404 (9ms, 296 bytes)
2013-11-23 16:07:18,674 - sauce_connect:0 - INFO - Request started: GET http://localhost:4567/static/favicon.gif
2013-11-23 16:07:18,683 - sauce_connect:0 - INFO - GET http://localhost:4567/static/favicon.gif -> 404 (9ms, 296 bytes)
2013-11-23 16:07:32,414 - sauce_connect:0 - INFO - Request started: GET http://localhost:4567/
2013-11-23 16:07:32,417 - sauce_connect:0 - INFO - GET http://localhost:4567/ -> 302 (5ms, 0 bytes)
2013-11-23 16:07:33,028 - sauce_connect:0 - INFO - Request started: GET http://localhost:4567/index.html
2013-11-23 16:07:33,032 - sauce_connect:0 - INFO - GET http://localhost:4567/index.html -> 200 (5ms, 1209 bytes)
2013-11-23 16:07:33,694 - sauce_connect:0 - INFO - Request started: GET http://localhost:4567/css/custom.css
2013-11-23 16:07:33,694 - sauce_connect:0 - INFO - Request started: GET http://localhost:4567/static/favicon.gif
2013-11-23 16:07:33,698 - sauce_connect:0 - INFO - GET http://localhost:4567/css/custom.css -> 200 (4ms, 632 bytes)
2013-11-23 16:07:33,701 - sauce_connect:0 - INFO - GET http://localhost:4567/static/favicon.gif -> 404 (8ms, 296 bytes)
2013-11-23 16:07:34,177 - sauce_connect:0 - INFO - Request started: GET http://localhost:4567/static/favicon.gif
2013-11-23 16:07:34,187 - sauce_connect:0 - INFO - GET http://localhost:4567/static/favicon.gif -> 404 (9ms, 296 bytes)
2013-11-23 16:07:35,170 - sauce_connect:0 - INFO - Request started: GET http://localhost:4567/game.html
2013-11-23 16:07:35,174 - sauce_connect:0 - INFO - GET http://localhost:4567/game.html -> 200 (4ms, 5887 bytes)
2013-11-23 16:07:35,671 - sauce_connect:0 - INFO - Request started: GET http://localhost:4567/css/custom.css
2013-11-23 16:07:35,676 - sauce_connect:0 - INFO - GET http://localhost:4567/css/custom.css -> 200 (5ms, 632 bytes)
2013-11-23 16:07:36,325 - sauce_connect:0 - INFO - Request started: GET http://localhost:4567/favicon.ico
2013-11-23 16:07:36,332 - sauce_connect:0 - INFO - GET http://localhost:4567/favicon.ico -> 404 (8ms, 289 bytes)
2013-11-23 16:07:51,003 - sauce_connect:0 - INFO - Request started: GET http://localhost:4567/game.html
2013-11-23 16:07:51,009 - sauce_connect:0 - INFO - GET http://localhost:4567/game.html -> 200 (6ms, 5887 bytes)
2013-11-23 16:07:51,460 - sauce_connect:0 - INFO - Request started: GET http://localhost:4567/css/custom.css
2013-11-23 16:07:51,460 - sauce_connect:0 - INFO - Request started: GET http://localhost:4567/static/favicon.gif
2013-11-23 16:07:51,466 - sauce_connect:0 - INFO - GET http://localhost:4567/css/custom.css -> 200 (6ms, 632 bytes)
2013-11-23 16:07:51,470 - sauce_connect:0 - INFO - GET http://localhost:4567/static/favicon.gif -> 404 (10ms, 296 bytes)
2013-11-23 16:07:51,993 - sauce_connect:0 - INFO - Request started: GET http://localhost:4567/static/favicon.gif
2013-11-23 16:07:52,000 - sauce_connect:0 - INFO - GET http://localhost:4567/static/favicon.gif -> 404 (7ms, 296 bytes)
2013-11-23 16:07:52,892 - sauce_connect:0 - INFO - Request started: GET http://localhost:4567/initialize?gametype=true
2013-11-23 16:07:52,897 - sauce_connect:0 - INFO - GET http://localhost:4567/initialize?gametype=true -> 200 (4ms, 4 bytes)
2013-11-23 16:07:53,611 - sauce_connect:0 - INFO - Request started: GET http://localhost:4567/handleClick?x=0&y=0
2013-11-23 16:07:53,615 - sauce_connect:0 - INFO - GET http://localhost:4567/handleClick?x=0&y=0 -> 200 (5ms, 109 bytes)
2013-11-23 16:09:28,845 - sauce_connect:0 - INFO - Request started: GET http://localhost:4567/
2013-11-23 16:09:28,851 - sauce_connect:0 - INFO - GET http://localhost:4567/ -> 302 (5ms, 0 bytes)
2013-11-23 16:09:29,082 - sauce_connect:0 - INFO - Request started: GET http://localhost:4567/index.html
2013-11-23 16:09:29,088 - sauce_connect:0 - INFO - GET http://localhost:4567/index.html -> 200 (6ms, 1209 bytes)
2013-11-23 16:09:29,989 - sauce_connect:0 - INFO - Request started: GET http://localhost:4567/css/custom.css
2013-11-23 16:09:29,989 - sauce_connect:0 - INFO - Request started: GET http://localhost:4567/static/favicon.gif
2013-11-23 16:09:29,993 - sauce_connect:0 - INFO - GET http://localhost:4567/css/custom.css -> 200 (6ms, 632 bytes)
2013-11-23 16:09:29,997 - sauce_connect:0 - INFO - GET http://localhost:4567/static/favicon.gif -> 404 (8ms, 296 bytes)
2013-11-23 16:09:30,381 - sauce_connect:0 - INFO - Request started: GET http://localhost:4567/static/favicon.gif
2013-11-23 16:09:30,388 - sauce_connect:0 - INFO - GET http://localhost:4567/static/favicon.gif -> 404 (9ms, 296 bytes)
2013-11-23 16:09:44,819 - sauce_connect:0 - INFO - Request started: GET http://localhost:4567/
2013-11-23 16:09:44,825 - sauce_connect:0 - INFO - GET http://localhost:4567/ -> 302 (5ms, 0 bytes)
2013-11-23 16:09:45,355 - sauce_connect:0 - INFO - Request started: GET http://localhost:4567/index.html
2013-11-23 16:09:45,361 - sauce_connect:0 - INFO - GET http://localhost:4567/index.html -> 200 (7ms, 1209 bytes)
2013-11-23 16:09:46,049 - sauce_connect:0 - INFO - Request started: GET http://localhost:4567/css/custom.css
2013-11-23 16:09:46,053 - sauce_connect:0 - INFO - GET http://localhost:4567/css/custom.css -> 200 (5ms, 632 bytes)
2013-11-23 16:09:46,269 - sauce_connect:0 - INFO - Request started: GET http://localhost:4567/static/favicon.gif
2013-11-23 16:09:46,279 - sauce_connect:0 - INFO - GET http://localhost:4567/static/favicon.gif -> 404 (9ms, 296 bytes)
2013-11-23 16:09:47,276 - sauce_connect:0 - INFO - Request started: GET http://localhost:4567/static/favicon.gif
2013-11-23 16:09:47,283 - sauce_connect:0 - INFO - GET http://localhost:4567/static/favicon.gif -> 404 (8ms, 296 bytes)
2013-11-23 16:09:47,805 - sauce_connect:0 - INFO - Request started: GET http://localhost:4567/game.html
2013-11-23 16:09:47,812 - sauce_connect:0 - INFO - GET http://localhost:4567/game.html -> 200 (7ms, 5887 bytes)
2013-11-23 16:09:48,420 - sauce_connect:0 - INFO - Request started: GET http://localhost:4567/css/custom.css
2013-11-23 16:09:48,424 - sauce_connect:0 - INFO - GET http://localhost:4567/css/custom.css -> 200 (4ms, 632 bytes)
2013-11-23 16:09:49,035 - sauce_connect:0 - INFO - Request started: GET http://localhost:4567/favicon.ico
2013-11-23 16:09:49,042 - sauce_connect:0 - INFO - GET http://localhost:4567/favicon.ico -> 404 (8ms, 289 bytes)
2013-11-23 16:10:02,944 - sauce_connect:0 - INFO - Request started: GET http://localhost:4567/game.html
2013-11-23 16:10:02,948 - sauce_connect:0 - INFO - GET http://localhost:4567/game.html -> 200 (6ms, 5887 bytes)
2013-11-23 16:10:03,559 - sauce_connect:0 - INFO - Request started: GET http://localhost:4567/css/custom.css
2013-11-23 16:10:03,559 - sauce_connect:0 - INFO - Request started: GET http://localhost:4567/static/favicon.gif
2013-11-23 16:10:03,565 - sauce_connect:0 - INFO - GET http://localhost:4567/css/custom.css -> 200 (7ms, 632 bytes)
2013-11-23 16:10:03,568 - sauce_connect:0 - INFO - GET http://localhost:4567/static/favicon.gif -> 404 (10ms, 296 bytes)
2013-11-23 16:10:04,173 - sauce_connect:0 - INFO - Request started: GET http://localhost:4567/static/favicon.gif
2013-11-23 16:10:04,181 - sauce_connect:0 - INFO - GET http://localhost:4567/static/favicon.gif -> 404 (9ms, 296 bytes)
2013-11-23 16:10:05,095 - sauce_connect:0 - INFO - Request started: GET http://localhost:4567/initialize?gametype=true
2013-11-23 16:10:05,101 - sauce_connect:0 - INFO - GET http://localhost:4567/initialize?gametype=true -> 200 (8ms, 4 bytes)
2013-11-23 16:13:40,358 - sauce_connect:0 - INFO - Request started: GET http://localhost:4567/
2013-11-23 16:13:40,365 - sauce_connect:0 - INFO - GET http://localhost:4567/ -> 302 (6ms, 0 bytes)
2013-11-23 16:13:40,802 - sauce_connect:0 - INFO - Request started: GET http://localhost:4567/index.html
2013-11-23 16:13:40,808 - sauce_connect:0 - INFO - GET http://localhost:4567/index.html -> 200 (6ms, 1209 bytes)
2013-11-23 16:13:41,282 - sauce_connect:0 - INFO - Request started: GET http://localhost:4567/css/custom.css
2013-11-23 16:13:41,286 - sauce_connect:0 - INFO - GET http://localhost:4567/css/custom.css -> 200 (5ms, 632 bytes)
2013-11-23 16:13:41,505 - sauce_connect:0 - INFO - Request started: GET http://localhost:4567/static/favicon.gif
2013-11-23 16:13:41,510 - sauce_connect:0 - INFO - GET http://localhost:4567/static/favicon.gif -> 404 (6ms, 296 bytes)
2013-11-23 16:13:42,392 - sauce_connect:0 - INFO - Request started: GET http://localhost:4567/static/favicon.gif
2013-11-23 16:13:42,401 - sauce_connect:0 - INFO - GET http://localhost:4567/static/favicon.gif -> 404 (8ms, 296 bytes)
2013-11-23 16:13:57,111 - sauce_connect:0 - INFO - Request started: GET http://localhost:4567/
2013-11-23 16:13:57,115 - sauce_connect:0 - INFO - GET http://localhost:4567/ -> 302 (4ms, 0 bytes)
2013-11-23 16:13:57,648 - sauce_connect:0 - INFO - Request started: GET http://localhost:4567/index.html
2013-11-23 16:13:57,654 - sauce_connect:0 - INFO - GET http://localhost:4567/index.html -> 200 (6ms, 1209 bytes)
2013-11-23 16:13:58,569 - sauce_connect:0 - INFO - Request started: GET http://localhost:4567/css/custom.css
2013-11-23 16:13:58,569 - sauce_connect:0 - INFO - Request started: GET http://localhost:4567/static/favicon.gif
2013-11-23 16:13:58,573 - sauce_connect:0 - INFO - GET http://localhost:4567/css/custom.css -> 200 (4ms, 632 bytes)
2013-11-23 16:13:58,578 - sauce_connect:0 - INFO - GET http://localhost:4567/static/favicon.gif -> 404 (9ms, 296 bytes)
2013-11-23 16:13:59,407 - sauce_connect:0 - INFO - Request started: GET http://localhost:4567/static/favicon.gif
2013-11-23 16:13:59,414 - sauce_connect:0 - INFO - GET http://localhost:4567/static/favicon.gif -> 404 (8ms, 296 bytes)
2013-11-23 16:14:00,022 - sauce_connect:0 - INFO - Request started: GET http://localhost:4567/game.html
2013-11-23 16:14:00,026 - sauce_connect:0 - INFO - GET http://localhost:4567/game.html -> 200 (5ms, 5887 bytes)
2013-11-23 16:14:00,413 - sauce_connect:0 - INFO - Request started: GET http://localhost:4567/css/custom.css
2013-11-23 16:14:00,415 - sauce_connect:0 - INFO - GET http://localhost:4567/css/custom.css -> 200 (4ms, 632 bytes)
2013-11-23 16:14:00,855 - sauce_connect:0 - INFO - Request started: GET http://localhost:4567/favicon.ico
2013-11-23 16:14:00,861 - sauce_connect:0 - INFO - GET http://localhost:4567/favicon.ico -> 404 (6ms, 289 bytes)
2013-11-23 16:14:15,773 - sauce_connect:0 - INFO - Request started: GET http://localhost:4567/game.html
2013-11-23 16:14:15,779 - sauce_connect:0 - INFO - GET http://localhost:4567/game.html -> 200 (6ms, 5887 bytes)
2013-11-23 16:14:16,671 - sauce_connect:0 - INFO - Request started: GET http://localhost:4567/css/custom.css
2013-11-23 16:14:16,671 - sauce_connect:0 - INFO - Request started: GET http://localhost:4567/static/favicon.gif
2013-11-23 16:14:16,676 - sauce_connect:0 - INFO - GET http://localhost:4567/css/custom.css -> 200 (6ms, 632 bytes)
2013-11-23 16:14:16,680 - sauce_connect:0 - INFO - GET http://localhost:4567/static/favicon.gif -> 404 (9ms, 296 bytes)
2013-11-23 16:14:16,971 - sauce_connect:0 - INFO - Request started: GET http://localhost:4567/static/favicon.gif
2013-11-23 16:14:16,980 - sauce_connect:0 - INFO - GET http://localhost:4567/static/favicon.gif -> 404 (8ms, 296 bytes)
2013-11-23 16:14:17,897 - sauce_connect:0 - INFO - Request started: GET http://localhost:4567/initialize?gametype=true
2013-11-23 16:14:17,901 - sauce_connect:0 - INFO - GET http://localhost:4567/initialize?gametype=true -> 200 (4ms, 4 bytes)
2013-11-23 16:14:18,845 - sauce_connect:0 - INFO - Request started: GET http://localhost:4567/handleClick?x=0&y=0
2013-11-23 16:14:18,849 - sauce_connect:0 - INFO - GET http://localhost:4567/handleClick?x=0&y=0 -> 200 (5ms, 109 bytes)
2013-11-23 16:40:37,029 - sauce_connect:0 - INFO - Request started: GET http://localhost:4567/
2013-11-23 16:40:37,040 - sauce_connect:0 - INFO - GET http://localhost:4567/ -> 302 (12ms, 0 bytes)
2013-11-23 16:40:37,878 - sauce_connect:0 - INFO - Request started: GET http://localhost:4567/index.html
2013-11-23 16:40:37,884 - sauce_connect:0 - INFO - GET http://localhost:4567/index.html -> 200 (8ms, 1209 bytes)
2013-11-23 16:40:38,184 - sauce_connect:0 - INFO - Request started: GET http://localhost:4567/css/custom.css
2013-11-23 16:40:38,188 - sauce_connect:0 - INFO - GET http://localhost:4567/css/custom.css -> 200 (5ms, 632 bytes)
2013-11-23 16:40:38,490 - sauce_connect:0 - INFO - Request started: GET http://localhost:4567/static/favicon.gif
2013-11-23 16:40:38,497 - sauce_connect:0 - INFO - GET http://localhost:4567/static/favicon.gif -> 404 (7ms, 296 bytes)
2013-11-23 16:40:39,023 - sauce_connect:0 - INFO - Request started: GET http://localhost:4567/static/favicon.gif
2013-11-23 16:40:39,032 - sauce_connect:0 - INFO - GET http://localhost:4567/static/favicon.gif -> 404 (8ms, 296 bytes)
2013-11-23 16:40:53,151 - sauce_connect:0 - INFO - Request started: GET http://localhost:4567/game.html
2013-11-23 16:40:53,158 - sauce_connect:0 - INFO - GET http://localhost:4567/game.html -> 200 (8ms, 5887 bytes)
2013-11-23 16:40:53,543 - sauce_connect:0 - INFO - Request started: GET http://localhost:4567/css/custom.css
2013-11-23 16:40:53,549 - sauce_connect:0 - INFO - GET http://localhost:4567/css/custom.css -> 200 (5ms, 632 bytes)
2013-11-23 16:40:53,851 - sauce_connect:0 - INFO - Request started: GET http://localhost:4567/static/favicon.gif
2013-11-23 16:40:53,859 - sauce_connect:0 - INFO - GET http://localhost:4567/static/favicon.gif -> 404 (8ms, 296 bytes)
2013-11-23 16:40:54,301 - sauce_connect:0 - INFO - Request started: GET http://localhost:4567/static/favicon.gif
2013-11-23 16:40:54,323 - sauce_connect:0 - INFO - GET http://localhost:4567/static/favicon.gif -> 404 (23ms, 296 bytes)
2013-11-23 16:40:55,082 - sauce_connect:0 - INFO - Request started: GET http://localhost:4567/initialize?gametype=false
2013-11-23 16:40:55,086 - sauce_connect:0 - INFO - GET http://localhost:4567/initialize?gametype=false -> 200 (5ms, 4 bytes)
2013-11-23 16:41:09,433 - sauce_connect:0 - INFO - Request started: GET http://localhost:4567/game.html
2013-11-23 16:41:09,437 - sauce_connect:0 - INFO - GET http://localhost:4567/game.html -> 200 (5ms, 5887 bytes)
2013-11-23 16:41:10,132 - sauce_connect:0 - INFO - Request started: GET http://localhost:4567/css/custom.css
2013-11-23 16:41:10,132 - sauce_connect:0 - INFO - Request started: GET http://localhost:4567/static/favicon.gif
2013-11-23 16:41:10,138 - sauce_connect:0 - INFO - GET http://localhost:4567/css/custom.css -> 200 (5ms, 632 bytes)
2013-11-23 16:41:10,141 - sauce_connect:0 - INFO - GET http://localhost:4567/static/favicon.gif -> 404 (9ms, 296 bytes)
2013-11-23 16:41:10,970 - sauce_connect:0 - INFO - Request started: GET http://localhost:4567/static/favicon.gif
2013-11-23 16:41:10,977 - sauce_connect:0 - INFO - GET http://localhost:4567/static/favicon.gif -> 404 (7ms, 296 bytes)
2013-11-23 16:41:11,673 - sauce_connect:0 - INFO - Request started: GET http://localhost:4567/initialize?gametype=true
2013-11-23 16:41:11,677 - sauce_connect:0 - INFO - GET http://localhost:4567/initialize?gametype=true -> 200 (4ms, 4 bytes)
2013-11-23 16:41:26,020 - sauce_connect:0 - INFO - Request started: GET http://localhost:4567/
2013-11-23 16:41:26,023 - sauce_connect:0 - INFO - GET http://localhost:4567/ -> 302 (3ms, 0 bytes)
2013-11-23 16:41:26,414 - sauce_connect:0 - INFO - Request started: GET http://localhost:4567/index.html
2013-11-23 16:41:26,418 - sauce_connect:0 - INFO - GET http://localhost:4567/index.html -> 200 (4ms, 1209 bytes)
2013-11-23 16:41:27,335 - sauce_connect:0 - INFO - Request started: GET http://localhost:4567/css/custom.css
2013-11-23 16:41:27,335 - sauce_connect:0 - INFO - Request started: GET http://localhost:4567/static/favicon.gif
2013-11-23 16:41:27,339 - sauce_connect:0 - INFO - GET http://localhost:4567/css/custom.css -> 200 (3ms, 632 bytes)
2013-11-23 16:41:27,342 - sauce_connect:0 - INFO - GET http://localhost:4567/static/favicon.gif -> 404 (7ms, 296 bytes)
2013-11-23 16:41:28,257 - sauce_connect:0 - INFO - Request started: GET http://localhost:4567/static/favicon.gif
2013-11-23 16:41:28,265 - sauce_connect:0 - INFO - GET http://localhost:4567/static/favicon.gif -> 404 (7ms, 296 bytes)
2013-11-23 16:41:28,786 - sauce_connect:0 - INFO - Request started: GET http://localhost:4567/game.html
2013-11-23 16:41:28,792 - sauce_connect:0 - INFO - GET http://localhost:4567/game.html -> 200 (5ms, 5887 bytes)
2013-11-23 16:41:29,424 - sauce_connect:0 - INFO - Request started: GET http://localhost:4567/css/custom.css
2013-11-23 16:41:29,427 - sauce_connect:0 - INFO - GET http://localhost:4567/css/custom.css -> 200 (4ms, 632 bytes)
2013-11-23 16:41:30,101 - sauce_connect:0 - INFO - Request started: GET http://localhost:4567/favicon.ico
2013-11-23 16:41:30,108 - sauce_connect:0 - INFO - GET http://localhost:4567/favicon.ico -> 404 (8ms, 289 bytes)
2013-11-23 16:46:53,119 - sauce_connect:0 - INFO - Request started: GET http://localhost:4567/
2013-11-23 16:46:53,125 - sauce_connect:0 - INFO - GET http://localhost:4567/ -> 302 (4ms, 0 bytes)
2013-11-23 16:46:53,355 - sauce_connect:0 - INFO - Request started: GET http://localhost:4567/index.html
2013-11-23 16:46:53,359 - sauce_connect:0 - INFO - GET http://localhost:4567/index.html -> 200 (4ms, 1209 bytes)
2013-11-23 16:46:53,799 - sauce_connect:0 - INFO - Request started: GET http://localhost:4567/css/custom.css
2013-11-23 16:46:53,799 - sauce_connect:0 - INFO - Request started: GET http://localhost:4567/static/favicon.gif
2013-11-23 16:46:53,802 - sauce_connect:0 - INFO - GET http://localhost:4567/css/custom.css -> 200 (5ms, 632 bytes)
2013-11-23 16:46:53,805 - sauce_connect:0 - INFO - GET http://localhost:4567/static/favicon.gif -> 404 (7ms, 296 bytes)
2013-11-23 16:46:54,286 - sauce_connect:0 - INFO - Request started: GET http://localhost:4567/static/favicon.gif
2013-11-23 16:46:54,292 - sauce_connect:0 - INFO - GET http://localhost:4567/static/favicon.gif -> 404 (7ms, 296 bytes)
2013-11-23 16:47:08,683 - sauce_connect:0 - INFO - Request started: GET http://localhost:4567/game.html
2013-11-23 16:47:08,687 - sauce_connect:0 - INFO - GET http://localhost:4567/game.html -> 200 (6ms, 5887 bytes)
2013-11-23 16:47:08,961 - sauce_connect:0 - INFO - Request started: GET http://localhost:4567/css/custom.css
2013-11-23 16:47:08,967 - sauce_connect:0 - INFO - GET http://localhost:4567/css/custom.css -> 200 (5ms, 632 bytes)
2013-11-23 16:47:09,184 - sauce_connect:0 - INFO - Request started: GET http://localhost:4567/static/favicon.gif
2013-11-23 16:47:09,193 - sauce_connect:0 - INFO - GET http://localhost:4567/static/favicon.gif -> 404 (9ms, 296 bytes)
2013-11-23 16:47:09,673 - sauce_connect:0 - INFO - Request started: GET http://localhost:4567/static/favicon.gif
2013-11-23 16:47:09,678 - sauce_connect:0 - INFO - GET http://localhost:4567/static/favicon.gif -> 404 (6ms, 296 bytes)
2013-11-23 16:47:10,792 - sauce_connect:0 - INFO - Request started: GET http://localhost:4567/initialize?gametype=false
2013-11-23 16:47:10,796 - sauce_connect:0 - INFO - GET http://localhost:4567/initialize?gametype=false -> 200 (5ms, 4 bytes)
2013-11-23 16:47:25,144 - sauce_connect:0 - INFO - Request started: GET http://localhost:4567/game.html
2013-11-23 16:47:25,151 - sauce_connect:0 - INFO - GET http://localhost:4567/game.html -> 200 (6ms, 5887 bytes)
2013-11-23 16:47:25,983 - sauce_connect:0 - INFO - Request started: GET http://localhost:4567/css/custom.css
2013-11-23 16:47:25,983 - sauce_connect:0 - INFO - Request started: GET http://localhost:4567/static/favicon.gif
2013-11-23 16:47:25,990 - sauce_connect:0 - INFO - GET http://localhost:4567/css/custom.css -> 200 (6ms, 632 bytes)
2013-11-23 16:47:25,993 - sauce_connect:0 - INFO - GET http://localhost:4567/static/favicon.gif -> 404 (10ms, 296 bytes)
2013-11-23 16:47:26,674 - sauce_connect:0 - INFO - Request started: GET http://localhost:4567/static/favicon.gif
2013-11-23 16:47:26,683 - sauce_connect:0 - INFO - GET http://localhost:4567/static/favicon.gif -> 404 (8ms, 296 bytes)
2013-11-23 16:47:27,381 - sauce_connect:0 - INFO - Request started: GET http://localhost:4567/initialize?gametype=true
2013-11-23 16:47:27,384 - sauce_connect:0 - INFO - GET http://localhost:4567/initialize?gametype=true -> 200 (3ms, 4 bytes)
2013-11-23 16:47:42,740 - sauce_connect:0 - INFO - Request started: GET http://localhost:4567/
2013-11-23 16:47:42,744 - sauce_connect:0 - INFO - GET http://localhost:4567/ -> 302 (5ms, 0 bytes)
2013-11-23 16:47:43,048 - sauce_connect:0 - INFO - Request started: GET http://localhost:4567/index.html
2013-11-23 16:47:43,052 - sauce_connect:0 - INFO - GET http://localhost:4567/index.html -> 200 (5ms, 1209 bytes)
2013-11-23 16:47:43,969 - sauce_connect:0 - INFO - Request started: GET http://localhost:4567/css/custom.css
2013-11-23 16:47:43,970 - sauce_connect:0 - INFO - Request started: GET http://localhost:4567/static/favicon.gif
2013-11-23 16:47:43,973 - sauce_connect:0 - INFO - GET http://localhost:4567/css/custom.css -> 200 (5ms, 632 bytes)
2013-11-23 16:47:43,977 - sauce_connect:0 - INFO - GET http://localhost:4567/static/favicon.gif -> 404 (8ms, 296 bytes)
2013-11-23 16:47:44,673 - sauce_connect:0 - INFO - Request started: GET http://localhost:4567/static/favicon.gif
2013-11-23 16:47:44,681 - sauce_connect:0 - INFO - GET http://localhost:4567/static/favicon.gif -> 404 (8ms, 296 bytes)
2013-11-23 16:47:45,033 - sauce_connect:0 - INFO - Request started: GET http://localhost:4567/game.html
2013-11-23 16:47:45,038 - sauce_connect:0 - INFO - GET http://localhost:4567/game.html -> 200 (4ms, 5887 bytes)
2013-11-23 16:47:45,505 - sauce_connect:0 - INFO - Request started: GET http://localhost:4567/css/custom.css
2013-11-23 16:47:45,509 - sauce_connect:0 - INFO - GET http://localhost:4567/css/custom.css -> 200 (5ms, 632 bytes)
2013-11-23 16:47:46,427 - sauce_connect:0 - INFO - Request started: GET http://localhost:4567/favicon.ico
2013-11-23 16:47:46,434 - sauce_connect:0 - INFO - GET http://localhost:4567/favicon.ico -> 404 (6ms, 289 bytes)
